<?xml version="1.0" encoding="UTF-8"?>
<!-- Generated by org.testng.reporters.JUnitReportReporter -->
<testsuite skipped="0" hostname="LAPTOP-83AF0GRJ" name="restAssured.Tests.TC02_PostRequestWithBodyHeader" tests="5" failures="0" timestamp="19 Sep 2021 18:34:33 GMT" time="3.550" errors="0">
  <testcase name="postRequest" time="2.385" classname="restAssured.Tests.TC02_PostRequestWithBodyHeader"/>
  <testcase name="verifyStatusCode" time="0.038" classname="restAssured.Tests.TC02_PostRequestWithBodyHeader"/>
  <testcase name="verifyStatusLine" time="0.027" classname="restAssured.Tests.TC02_PostRequestWithBodyHeader"/>
  <testcase name="getHeaders" time="0.045" classname="restAssured.Tests.TC02_PostRequestWithBodyHeader"/>
  <testcase name="getValueFromResponseBody" time="1.055" classname="restAssured.Tests.TC02_PostRequestWithBodyHeader"/>
</testsuite> <!-- restAssured.Tests.TC02_PostRequestWithBodyHeader -->
