<?xml version="1.0" encoding="UTF-8"?>
<!-- Generated by org.testng.reporters.JUnitReportReporter -->
<testsuite skipped="0" hostname="LAPTOP-83AF0GRJ" name="restAssured.Tests.TC04_DeleteRequest" tests="5" failures="0" timestamp="07 Sep 2021 19:43:16 GMT" time="1.952" errors="0">
  <testcase name="deleteRquest" time="1.940" classname="restAssured.Tests.TC04_DeleteRequest"/>
  <testcase name="verifyStatusCode" time="0.003" classname="restAssured.Tests.TC04_DeleteRequest"/>
  <testcase name="verifyStatusLine" time="0.000" classname="restAssured.Tests.TC04_DeleteRequest"/>
  <testcase name="getHeaders" time="0.001" classname="restAssured.Tests.TC04_DeleteRequest"/>
  <testcase name="verifyResponseBody" time="0.008" classname="restAssured.Tests.TC04_DeleteRequest"/>
</testsuite> <!-- restAssured.Tests.TC04_DeleteRequest -->
