<?xml version="1.0" encoding="UTF-8"?>
<!-- Generated by org.testng.reporters.JUnitReportReporter -->
<testsuite skipped="0" hostname="LAPTOP-83AF0GRJ" name="restAssured.Tests.TC05_DeleteRequestFromGetRequestValueTest" tests="5" failures="0" timestamp="07 Sep 2021 20:10:27 GMT" time="2.867" errors="0">
  <testcase name="deleteRquest" time="2.856" classname="restAssured.Tests.TC05_DeleteRequestFromGetRequestValueTest"/>
  <testcase name="verifyStatusCode" time="0.004" classname="restAssured.Tests.TC05_DeleteRequestFromGetRequestValueTest"/>
  <testcase name="verifyStatusLine" time="0.001" classname="restAssured.Tests.TC05_DeleteRequestFromGetRequestValueTest"/>
  <testcase name="getHeaders" time="0.002" classname="restAssured.Tests.TC05_DeleteRequestFromGetRequestValueTest"/>
  <testcase name="verifyResponseBody" time="0.004" classname="restAssured.Tests.TC05_DeleteRequestFromGetRequestValueTest"/>
</testsuite> <!-- restAssured.Tests.TC05_DeleteRequestFromGetRequestValueTest -->
