<?xml version="1.0" encoding="UTF-8"?>
<!-- Generated by org.testng.reporters.JUnitReportReporter -->
<testsuite skipped="0" hostname="LAPTOP-83AF0GRJ" name="restAssured.Tests.TC05_PostRequestWithBodyJsonFile" tests="5" failures="0" timestamp="19 Sep 2021 18:38:51 GMT" time="2.503" errors="0">
  <testcase name="postRequest" time="1.536" classname="restAssured.Tests.TC05_PostRequestWithBodyJsonFile"/>
  <testcase name="verifyStatusCode" time="0.035" classname="restAssured.Tests.TC05_PostRequestWithBodyJsonFile"/>
  <testcase name="verifyStatusLine" time="0.041" classname="restAssured.Tests.TC05_PostRequestWithBodyJsonFile"/>
  <testcase name="getHeaders" time="0.032" classname="restAssured.Tests.TC05_PostRequestWithBodyJsonFile"/>
  <testcase name="getValueFromResponseBody" time="0.859" classname="restAssured.Tests.TC05_PostRequestWithBodyJsonFile"/>
</testsuite> <!-- restAssured.Tests.TC05_PostRequestWithBodyJsonFile -->
