<?xml version="1.0" encoding="UTF-8"?>
<!-- Generated by org.testng.reporters.JUnitReportReporter -->
<testsuite skipped="0" hostname="LAPTOP-83AF0GRJ" name="restAssured.Tests.TC03_UpdateRequestWithBodyHeaderTest" tests="1" failures="0" timestamp="20 Sep 2021 14:21:15 GMT" time="5.705" errors="0">
  <testcase name="updateRequest" time="5.705" classname="restAssured.Tests.TC03_UpdateRequestWithBodyHeaderTest"/>
</testsuite> <!-- restAssured.Tests.TC03_UpdateRequestWithBodyHeaderTest -->
