<?xml version="1.0" encoding="UTF-8"?>
<!-- Generated by org.testng.reporters.JUnitReportReporter -->
<testsuite skipped="0" hostname="LAPTOP-83AF0GRJ" name="restAssured.Tests.TC03_UpdateRequestWithBodyHeader" tests="5" failures="0" timestamp="07 Sep 2021 18:52:03 GMT" time="7.071" errors="0">
  <testcase name="updateRequest" time="7.049" classname="restAssured.Tests.TC03_UpdateRequestWithBodyHeader"/>
  <testcase name="verifyStatusCode" time="0.004" classname="restAssured.Tests.TC03_UpdateRequestWithBodyHeader"/>
  <testcase name="verifyStatusLine" time="0.002" classname="restAssured.Tests.TC03_UpdateRequestWithBodyHeader"/>
  <testcase name="getHeaders" time="0.001" classname="restAssured.Tests.TC03_UpdateRequestWithBodyHeader"/>
  <testcase name="verifyResponseBody" time="0.015" classname="restAssured.Tests.TC03_UpdateRequestWithBodyHeader"/>
</testsuite> <!-- restAssured.Tests.TC03_UpdateRequestWithBodyHeader -->
