<?xml version="1.0" encoding="UTF-8"?>
<!-- Generated by org.testng.reporters.JUnitReportReporter -->
<testsuite skipped="0" hostname="LAPTOP-83AF0GRJ" name="RestAssureAPI.RestAssureAPITestNG.TC01_WetherAPIValidateStatusCodeLineTest" tests="1" failures="0" timestamp="06 Sep 2021 19:33:25 GMT" time="1.853" errors="0">
  <testcase name="getWetherDetails" time="1.853" classname="RestAssureAPI.RestAssureAPITestNG.TC01_WetherAPIValidateStatusCodeLineTest"/>
</testsuite> <!-- RestAssureAPI.RestAssureAPITestNG.TC01_WetherAPIValidateStatusCodeLineTest -->
