<?xml version="1.0" encoding="UTF-8"?>
<!-- Generated by org.testng.reporters.JUnitReportReporter -->
<testsuite skipped="0" hostname="LAPTOP-83AF0GRJ" name="RestAssureAPI.RestAssureAPITestNG.TC02_PostRequestWithBodyHeader" tests="5" failures="0" timestamp="06 Sep 2021 20:49:32 GMT" time="3.247" errors="0">
  <testcase name="postRequest" time="2.251" classname="RestAssureAPI.RestAssureAPITestNG.TC02_PostRequestWithBodyHeader"/>
  <testcase name="verifyStatusCode" time="0.003" classname="RestAssureAPI.RestAssureAPITestNG.TC02_PostRequestWithBodyHeader"/>
  <testcase name="verifyStatusLine" time="0.001" classname="RestAssureAPI.RestAssureAPITestNG.TC02_PostRequestWithBodyHeader"/>
  <testcase name="getHeaders" time="0.001" classname="RestAssureAPI.RestAssureAPITestNG.TC02_PostRequestWithBodyHeader"/>
  <testcase name="getValueFromResponseBody" time="0.991" classname="RestAssureAPI.RestAssureAPITestNG.TC02_PostRequestWithBodyHeader"/>
</testsuite> <!-- RestAssureAPI.RestAssureAPITestNG.TC02_PostRequestWithBodyHeader -->
