<?xml version="1.0" encoding="UTF-8"?>
<!-- Generated by org.testng.reporters.JUnitReportReporter -->
<testsuite skipped="0" hostname="LAPTOP-83AF0GRJ" name="RestAssureAPI.RestAssureAPITestNG.TC01_GetRequestDetailsPrintTest" tests="4" failures="0" timestamp="07 Sep 2021 17:47:27 GMT" time="1.859" errors="0">
  <testcase name="getResponseBody" time="1.854" classname="RestAssureAPI.RestAssureAPITestNG.TC01_GetRequestDetailsPrintTest"/>
  <testcase name="verifyStatusCode" time="0.003" classname="RestAssureAPI.RestAssureAPITestNG.TC01_GetRequestDetailsPrintTest"/>
  <testcase name="verifyStatusLine" time="0.001" classname="RestAssureAPI.RestAssureAPITestNG.TC01_GetRequestDetailsPrintTest"/>
  <testcase name="getHeaders" time="0.001" classname="RestAssureAPI.RestAssureAPITestNG.TC01_GetRequestDetailsPrintTest"/>
</testsuite> <!-- RestAssureAPI.RestAssureAPITestNG.TC01_GetRequestDetailsPrintTest -->
