<?xml version="1.0" encoding="UTF-8"?>
<!-- Generated by org.testng.reporters.JUnitReportReporter -->
<testsuite skipped="0" hostname="LAPTOP-83AF0GRJ" name="restAssured.Tests.TC01_GetRequestDetailsPrintTest" tests="1" failures="0" timestamp="20 Sep 2021 14:21:15 GMT" time="1.999" errors="0">
  <testcase name="getResponseBody" time="1.999" classname="restAssured.Tests.TC01_GetRequestDetailsPrintTest"/>
</testsuite> <!-- restAssured.Tests.TC01_GetRequestDetailsPrintTest -->
