<?xml version="1.0" encoding="UTF-8"?>
<!-- Generated by org.testng.reporters.JUnitReportReporter -->
<testsuite skipped="0" hostname="LAPTOP-83AF0GRJ" name="restAssured.Tests.TC01_GetRequestDetailsPrintTest" tests="4" failures="0" timestamp="09 Sep 2021 20:14:30 GMT" time="1.628" errors="0">
  <testcase name="getResponseBody" time="1.264" classname="restAssured.Tests.TC01_GetRequestDetailsPrintTest"/>
  <testcase name="verifyStatusCode" time="0.038" classname="restAssured.Tests.TC01_GetRequestDetailsPrintTest"/>
  <testcase name="verifyStatusLine" time="0.049" classname="restAssured.Tests.TC01_GetRequestDetailsPrintTest"/>
  <testcase name="getHeaders" time="0.277" classname="restAssured.Tests.TC01_GetRequestDetailsPrintTest"/>
</testsuite> <!-- restAssured.Tests.TC01_GetRequestDetailsPrintTest -->
