<?xml version="1.0" encoding="UTF-8"?>
<!-- Generated by org.testng.reporters.JUnitReportReporter -->
<testsuite skipped="0" hostname="LAPTOP-83AF0GRJ" name="restAssured.Tests.TC02_PostRequestWithBodyHeaderTest" tests="1" failures="0" timestamp="20 Sep 2021 14:13:18 GMT" time="0.535" errors="0">
  <testcase name="postRequest" time="0.535" classname="restAssured.Tests.TC02_PostRequestWithBodyHeaderTest"/>
</testsuite> <!-- restAssured.Tests.TC02_PostRequestWithBodyHeaderTest -->
